<?xml version="1.0" encoding="UTF-8"?>
<!-- Generated by org.testng.reporters.JUnitXMLReporter -->
<testsuite ignored="0" hostname="magnur" failures="0" tests="3" name="Default test" time="9.774" errors="0" timestamp="2022-08-11T11:34:34 IST">
  <testcase classname="DataDrivenTesting.CreateMultipleProjects" name="createProject" time="7.059"/>
  <testcase classname="DataDrivenTesting.CreateMultipleProjects" name="createProject" time="0.382"/>
  <testcase classname="DataDrivenTesting.CreateMultipleProjects" name="createProject" time="2.18"/>
</testsuite> <!-- Default test -->
