<?xml version="1.0" encoding="UTF-8"?>
<testng-results ignored="0" total="3" passed="3" failed="0" skipped="0">
  <reporter-output>
  </reporter-output>
  <suite started-at="2022-08-11T11:34:24 IST" name="Default suite" finished-at="2022-08-11T11:34:34 IST" duration-ms="9774">
    <groups>
    </groups>
    <test started-at="2022-08-11T11:34:24 IST" name="Default test" finished-at="2022-08-11T11:34:34 IST" duration-ms="9774">
      <class name="DataDrivenTesting.CreateMultipleProjects">
        <test-method signature="createProject(java.lang.String,java.lang.String,java.lang.String,int)[pri:0, instance:DataDrivenTesting.CreateMultipleProjects@306f16f3]" started-at="2022-08-11T11:34:24 IST" name="createProject" data-provider="data" finished-at="2022-08-11T11:34:31 IST" duration-ms="7059" status="PASS">
          <params>
            <param index="0">
              <value>
                <![CDATA[sanjay]]>
              </value>
            </param>
            <param index="1">
              <value>
                <![CDATA[Dell]]>
              </value>
            </param>
            <param index="2">
              <value>
                <![CDATA[Completed]]>
              </value>
            </param>
            <param index="3">
              <value>
                <![CDATA[12]]>
              </value>
            </param>
          </params>
          <reporter-output>
          </reporter-output>
        </test-method> <!-- createProject -->
        <test-method signature="createProject(java.lang.String,java.lang.String,java.lang.String,int)[pri:0, instance:DataDrivenTesting.CreateMultipleProjects@306f16f3]" started-at="2022-08-11T11:34:31 IST" name="createProject" data-provider="data" finished-at="2022-08-11T11:34:32 IST" duration-ms="382" status="PASS">
          <params>
            <param index="0">
              <value>
                <![CDATA[Vijay]]>
              </value>
            </param>
            <param index="1">
              <value>
                <![CDATA[HP]]>
              </value>
            </param>
            <param index="2">
              <value>
                <![CDATA[Created]]>
              </value>
            </param>
            <param index="3">
              <value>
                <![CDATA[15]]>
              </value>
            </param>
          </params>
          <reporter-output>
          </reporter-output>
        </test-method> <!-- createProject -->
        <test-method signature="createProject(java.lang.String,java.lang.String,java.lang.String,int)[pri:0, instance:DataDrivenTesting.CreateMultipleProjects@306f16f3]" started-at="2022-08-11T11:34:32 IST" name="createProject" data-provider="data" finished-at="2022-08-11T11:34:34 IST" duration-ms="2180" status="PASS">
          <params>
            <param index="0">
              <value>
                <![CDATA[Pavan]]>
              </value>
            </param>
            <param index="1">
              <value>
                <![CDATA[TYSS]]>
              </value>
            </param>
            <param index="2">
              <value>
                <![CDATA[On Going]]>
              </value>
            </param>
            <param index="3">
              <value>
                <![CDATA[20]]>
              </value>
            </param>
          </params>
          <reporter-output>
          </reporter-output>
        </test-method> <!-- createProject -->
      </class> <!-- DataDrivenTesting.CreateMultipleProjects -->
    </test> <!-- Default test -->
  </suite> <!-- Default suite -->
</testng-results>
